==1569757== Memcheck, a memory error detector
==1569757== Copyright (C) 2002-2022, and GNU GPL'd, by Julian Seward et al.
==1569757== Using Valgrind-3.19.0 and LibVEX; rerun with -h for copyright info
==1569757== Command: ./restoration /comp/40/bin/images/corruption/bigboi-corrupt.pgm
==1569757== 
readaline: input line too long
==1569757== 
==1569757== HEAP SUMMARY:
==1569757==     in use at exit: 13,624 bytes in 5 blocks
==1569757==   total heap usage: 6 allocs, 1 frees, 21,816 bytes allocated
==1569757== 
==1569757== LEAK SUMMARY:
==1569757==    definitely lost: 0 bytes in 0 blocks
==1569757==    indirectly lost: 0 bytes in 0 blocks
==1569757==      possibly lost: 0 bytes in 0 blocks
==1569757==    still reachable: 13,624 bytes in 5 blocks
==1569757==         suppressed: 0 bytes in 0 blocks
==1569757== Rerun with --leak-check=full to see details of leaked memory
==1569757== 
==1569757== For lists of detected and suppressed errors, rerun with: -s
==1569757== ERROR SUMMARY: 0 errors from 0 contexts (suppressed: 0 from 0)
