Allocated row_data at address 0x250e840
Row data:
3 6 
row_len: 2
Entering infusion into table
Adding 3 into sequence
Adding 6 into sequence
Allocated row_data at address 0x250e980
Row data:
7 90 
row_len: 2
Entering infusion into table
Adding 7 into sequence
Adding 90 into sequence
Allocated row_data at address 0x250ea90
Row data:
2 54 
row_len: 2
Joining 2 elems from second set into first set
Adding 2 into sequence
Adding 54 into sequence
Allocated row_data at address 0x250e980
Row data:
78 90 
row_len: 2
Allocated row_data at address 0x250ea90
Row data:
100 7 
row_len: 2
Adding 100 into sequence
Adding 7 into sequence
